f:\workstation\lua_xxtea\lua_xxtea\lua_xxtea\debug\lua_xxtea.pch
f:\workstation\lua_xxtea\lua_xxtea\lua_xxtea\debug\vc120.pdb
f:\workstation\lua_xxtea\lua_xxtea\lua_xxtea\debug\vc120.idb
f:\workstation\lua_xxtea\lua_xxtea\lua_xxtea\debug\stdafx.obj
f:\workstation\lua_xxtea\lua_xxtea\lua_xxtea\debug\lua_xxtea.obj
f:\workstation\lua_xxtea\lua_xxtea\lua_xxtea\debug\xxtea.obj
f:\workstation\lua_xxtea\lua_xxtea\lua_xxtea\debug\lua_signandxxtea.obj
f:\workstation\lua_xxtea\lua_xxtea\lua_xxtea\debug\lua_xxteadlg.obj
f:\workstation\lua_xxtea\lua_xxtea\debug\lua_xxtea.ilk
f:\workstation\lua_xxtea\lua_xxtea\debug\lua_xxtea.exe
f:\workstation\lua_xxtea\lua_xxtea\debug\lua_xxtea.pdb
f:\workstation\lua_xxtea\lua_xxtea\lua_xxtea\debug\lua_xxtea.res
f:\workstation\lua_xxtea\lua_xxtea\lua_xxtea\debug\lua_xxtea.tlog\cl.command.1.tlog
f:\workstation\lua_xxtea\lua_xxtea\lua_xxtea\debug\lua_xxtea.tlog\cl.read.1.tlog
f:\workstation\lua_xxtea\lua_xxtea\lua_xxtea\debug\lua_xxtea.tlog\cl.write.1.tlog
f:\workstation\lua_xxtea\lua_xxtea\lua_xxtea\debug\lua_xxtea.tlog\link.command.1.tlog
f:\workstation\lua_xxtea\lua_xxtea\lua_xxtea\debug\lua_xxtea.tlog\link.read.1.tlog
f:\workstation\lua_xxtea\lua_xxtea\lua_xxtea\debug\lua_xxtea.tlog\link.write.1.tlog
f:\workstation\lua_xxtea\lua_xxtea\lua_xxtea\debug\lua_xxtea.tlog\rc.command.1.tlog
f:\workstation\lua_xxtea\lua_xxtea\lua_xxtea\debug\lua_xxtea.tlog\rc.read.1.tlog
f:\workstation\lua_xxtea\lua_xxtea\lua_xxtea\debug\lua_xxtea.tlog\rc.write.1.tlog
